<?xml version="1.0"?>
<!DOCTYPE coverage SYSTEM "http://cobertura.sourceforge.net/xml/coverage-04.dtd">

<coverage line-rate="0.5934156378600823" branch-rate="0.4831168831168831" lines-covered="721" lines-valid="1215" branches-covered="186" branches-valid="385" complexity="1.9765625" version="2.1.1" timestamp="1504624352699">
	<sources>
		<source>/home/jenkins/jobs/KINGPING-CODECOVERAGE/workspace/server/mobile/libraries/mdm-framework/src/main/java</source>
		<source>--source</source>
		<source>/home/jenkins/jobs/KINGPING-CODECOVERAGE/workspace/server/mobile/libraries/mdm-framework/src/main/generated</source>
	</sources>
	<packages>
		<package name="com.novell.msworks.mobile.annotations" line-rate="1.0" branch-rate="1.0" complexity="0.0">
			<classes>
				<class name="com.novell.msworks.mobile.annotations.AppleSyncHandler" filename="com/novell/msworks/mobile/annotations/AppleSyncHandler.java" line-rate="1.0" branch-rate="1.0" complexity="0.0">
					<methods>
					</methods>
					<lines>
					</lines>
				</class>
				<class name="com.novell.msworks.mobile.annotations.DeviceLifeCycleListener" filename="com/novell/msworks/mobile/annotations/DeviceLifeCycleListener.java" line-rate="1.0" branch-rate="1.0" complexity="0.0">
					<methods>
					</methods>
					<lines>
					</lines>
				</class>
				<class name="com.novell.msworks.mobile.annotations.IDeviceInfoHandler" filename="com/novell/msworks/mobile/annotations/IDeviceInfoHandler.java" line-rate="1.0" branch-rate="1.0" complexity="0.0">
					<methods>
					</methods>
					<lines>
					</lines>
				</class>
				<class name="com.novell.msworks.mobile.annotations.IEnrollHandler" filename="com/novell/msworks/mobile/annotations/IEnrollHandler.java" line-rate="1.0" branch-rate="1.0" complexity="0.0">
					<methods>
					</methods>
					<lines>
					</lines>
				</class>
				<class name="com.novell.msworks.mobile.annotations.SyncHandler" filename="com/novell/msworks/mobile/annotations/SyncHandler.java" line-rate="1.0" branch-rate="1.0" complexity="0.0">
					<methods>
					</methods>
					<lines>
					</lines>
				</class>
			</classes>
		</package>
		<package name="com.novell.msworks.mobile.exceptions" line-rate="0.0" branch-rate="1.0" complexity="1.0">
			<classes>
				<class name="com.novell.msworks.mobile.exceptions.StandardMDMException" filename="com/novell/msworks/mobile/exceptions/StandardMDMException.java" line-rate="0.0" branch-rate="1.0" complexity="1.0">
					<methods>
						<method name="&lt;init&gt;" signature="(ILjava/lang/String;)V" line-rate="0.0" branch-rate="1.0" complexity="0">
							<lines>
								<line number="74" hits="0" branch="false"/>
								<line number="75" hits="0" branch="false"/>
								<line number="76" hits="0" branch="false"/>
							</lines>
						</method>
						<method name="&lt;init&gt;" signature="(ILjava/lang/String;Ljava/lang/String;)V" line-rate="0.0" branch-rate="1.0" complexity="0">
							<lines>
								<line number="80" hits="0" branch="false"/>
								<line number="81" hits="0" branch="false"/>
								<line number="82" hits="0" branch="false"/>
								<line number="83" hits="0" branch="false"/>
							</lines>
						</method>
						<method name="&lt;init&gt;" signature="(ILjava/lang/String;Ljava/lang/String;Ljava/lang/String;)V" line-rate="0.0" branch-rate="1.0" complexity="0">
							<lines>
								<line number="87" hits="0" branch="false"/>
								<line number="88" hits="0" branch="false"/>
								<line number="89" hits="0" branch="false"/>
								<line number="90" hits="0" branch="false"/>
								<line number="91" hits="0" branch="false"/>
							</lines>
						</method>
						<method name="&lt;init&gt;" signature="(Ljava/lang/Exception;)V" line-rate="0.0" branch-rate="1.0" complexity="0">
							<lines>
								<line number="95" hits="0" branch="false"/>
								<line number="96" hits="0" branch="false"/>
								<line number="97" hits="0" branch="false"/>
								<line number="98" hits="0" branch="false"/>
							</lines>
						</method>
						<method name="&lt;init&gt;" signature="(Ljava/lang/String;)V" line-rate="0.0" branch-rate="1.0" complexity="0">
							<lines>
								<line number="68" hits="0" branch="false"/>
								<line number="69" hits="0" branch="false"/>
								<line number="70" hits="0" branch="false"/>
							</lines>
						</method>
						<method name="getAdditionalInfo" signature="()Ljava/lang/String;" line-rate="0.0" branch-rate="1.0" complexity="0">
							<lines>
								<line number="43" hits="0" branch="false"/>
							</lines>
						</method>
						<method name="getErrorCode" signature="()I" line-rate="0.0" branch-rate="1.0" complexity="0">
							<lines>
								<line number="58" hits="0" branch="false"/>
							</lines>
						</method>
						<method name="getReason" signature="()Ljava/lang/String;" line-rate="0.0" branch-rate="1.0" complexity="0">
							<lines>
								<line number="38" hits="0" branch="false"/>
							</lines>
						</method>
						<method name="setAdditionalInfo" signature="(Ljava/lang/String;)V" line-rate="0.0" branch-rate="1.0" complexity="0">
							<lines>
								<line number="48" hits="0" branch="false"/>
								<line number="49" hits="0" branch="false"/>
							</lines>
						</method>
						<method name="setErrorCode" signature="(I)V" line-rate="0.0" branch-rate="1.0" complexity="0">
							<lines>
								<line number="63" hits="0" branch="false"/>
								<line number="64" hits="0" branch="false"/>
							</lines>
						</method>
						<method name="setReason" signature="(Ljava/lang/String;)V" line-rate="0.0" branch-rate="1.0" complexity="0">
							<lines>
								<line number="53" hits="0" branch="false"/>
								<line number="54" hits="0" branch="false"/>
							</lines>
						</method>
					</methods>
					<lines>
						<line number="38" hits="0" branch="false"/>
						<line number="43" hits="0" branch="false"/>
						<line number="48" hits="0" branch="false"/>
						<line number="49" hits="0" branch="false"/>
						<line number="53" hits="0" branch="false"/>
						<line number="54" hits="0" branch="false"/>
						<line number="58" hits="0" branch="false"/>
						<line number="63" hits="0" branch="false"/>
						<line number="64" hits="0" branch="false"/>
						<line number="68" hits="0" branch="false"/>
						<line number="69" hits="0" branch="false"/>
						<line number="70" hits="0" branch="false"/>
						<line number="74" hits="0" branch="false"/>
						<line number="75" hits="0" branch="false"/>
						<line number="76" hits="0" branch="false"/>
						<line number="80" hits="0" branch="false"/>
						<line number="81" hits="0" branch="false"/>
						<line number="82" hits="0" branch="false"/>
						<line number="83" hits="0" branch="false"/>
						<line number="87" hits="0" branch="false"/>
						<line number="88" hits="0" branch="false"/>
						<line number="89" hits="0" branch="false"/>
						<line number="90" hits="0" branch="false"/>
						<line number="91" hits="0" branch="false"/>
						<line number="95" hits="0" branch="false"/>
						<line number="96" hits="0" branch="false"/>
						<line number="97" hits="0" branch="false"/>
						<line number="98" hits="0" branch="false"/>
					</lines>
				</class>
			</classes>
		</package>
		<package name="com.novell.msworks.mobile.handlers" line-rate="0.34210526315789475" branch-rate="0.8333333333333334" complexity="1.09375">
			<classes>
				<class name="com.novell.msworks.mobile.handlers.CommandHandler" filename="com/novell/msworks/mobile/handlers/CommandHandler.java" line-rate="1.0" branch-rate="0.8333333333333334" complexity="1.5">
					<methods>
						<method name="&lt;init&gt;" signature="()V" line-rate="1.0" branch-rate="1.0" complexity="0">
							<lines>
								<line number="34" hits="48" branch="false"/>
							</lines>
						</method>
						<method name="getCommands" signature="(Lcom/novell/msworks/datamodel/objects/mobile/MobileDevice;Ljavax/ws/rs/core/MultivaluedMap;Lcom/novell/msworks/mobile/utility/HandleResultBean;Ljava/lang/String;Z)Ljava/util/List;" line-rate="1.0" branch-rate="0.8333333333333334" complexity="0">
							<lines>
								<line number="49" hits="62" branch="false"/>
								<line number="50" hits="62" branch="false"/>
								<line number="51" hits="62" branch="true" condition-coverage="50% (1/2)">
									<conditions>
										<condition number="0" type="jump" coverage="50%"/>
									</conditions>
								</line>
								<line number="53" hits="62" branch="true" condition-coverage="100% (4/4)">
									<conditions>
										<condition number="0" type="jump" coverage="100%"/>
										<condition number="1" type="jump" coverage="100%"/>
									</conditions>
								</line>
								<line number="55" hits="46" branch="false"/>
								<line number="58" hits="56" branch="false"/>
							</lines>
						</method>
						<method name="getSupportedModes" signature="()Ljava/util/List;" line-rate="1.0" branch-rate="1.0" complexity="0">
							<lines>
								<line number="73" hits="50" branch="false"/>
							</lines>
						</method>
						<method name="getSyncTypes" signature="()Ljava/util/List;" line-rate="1.0" branch-rate="1.0" complexity="0">
							<lines>
								<line number="67" hits="62" branch="false"/>
							</lines>
						</method>
						<method name="setSupportedModes" signature="(Ljava/util/List;)V" line-rate="1.0" branch-rate="1.0" complexity="0">
							<lines>
								<line number="79" hits="48" branch="false"/>
								<line number="80" hits="48" branch="false"/>
							</lines>
						</method>
						<method name="setSyncTypes" signature="(Ljava/util/List;)V" line-rate="1.0" branch-rate="1.0" complexity="0">
							<lines>
								<line number="42" hits="48" branch="false"/>
								<line number="43" hits="48" branch="false"/>
							</lines>
						</method>
					</methods>
					<lines>
						<line number="34" hits="48" branch="false"/>
						<line number="42" hits="48" branch="false"/>
						<line number="43" hits="48" branch="false"/>
						<line number="49" hits="62" branch="false"/>
						<line number="50" hits="62" branch="false"/>
						<line number="51" hits="62" branch="true" condition-coverage="50% (1/2)">
							<conditions>
								<condition number="0" type="jump" coverage="50%"/>
							</conditions>
						</line>
						<line number="53" hits="62" branch="true" condition-coverage="100% (4/4)">
							<conditions>
								<condition number="0" type="jump" coverage="100%"/>
								<condition number="1" type="jump" coverage="100%"/>
							</conditions>
						</line>
						<line number="55" hits="46" branch="false"/>
						<line number="58" hits="56" branch="false"/>
						<line number="67" hits="62" branch="false"/>
						<line number="73" hits="50" branch="false"/>
						<line number="79" hits="48" branch="false"/>
						<line number="80" hits="48" branch="false"/>
					</lines>
				</class>
				<class name="com.novell.msworks.mobile.handlers.EnrollmentData" filename="com/novell/msworks/mobile/handlers/EnrollmentData.java" line-rate="0.0" branch-rate="1.0" complexity="1.0">
					<methods>
						<method name="&lt;init&gt;" signature="()V" line-rate="0.0" branch-rate="1.0" complexity="0">
							<lines>
								<line number="7" hits="0" branch="false"/>
							</lines>
						</method>
						<method name="getCorporateDeviceUnenrollAction" signature="()Ljava/lang/String;" line-rate="0.0" branch-rate="1.0" complexity="0">
							<lines>
								<line number="72" hits="0" branch="false"/>
							</lines>
						</method>
						<method name="getLanguage" signature="()Ljava/lang/String;" line-rate="0.0" branch-rate="1.0" complexity="0">
							<lines>
								<line number="92" hits="0" branch="false"/>
							</lines>
						</method>
						<method name="getMobileEnrollmentRuleList" signature="()Ljava/util/List;" line-rate="0.0" branch-rate="1.0" complexity="0">
							<lines>
								<line number="61" hits="0" branch="false"/>
							</lines>
						</method>
						<method name="getPersonalDeviceUnenrollAction" signature="()Ljava/lang/String;" line-rate="0.0" branch-rate="1.0" complexity="0">
							<lines>
								<line number="82" hits="0" branch="false"/>
							</lines>
						</method>
						<method name="isAllowManualReconcile" signature="()Z" line-rate="0.0" branch-rate="1.0" complexity="0">
							<lines>
								<line number="21" hits="0" branch="false"/>
							</lines>
						</method>
						<method name="isCorporate" signature="()Z" line-rate="0.0" branch-rate="1.0" complexity="0">
							<lines>
								<line number="31" hits="0" branch="false"/>
							</lines>
						</method>
						<method name="isCorporateAutoEnroll" signature="()Z" line-rate="0.0" branch-rate="1.0" complexity="0">
							<lines>
								<line number="41" hits="0" branch="false"/>
							</lines>
						</method>
						<method name="isFullyManaged" signature="()Z" line-rate="0.0" branch-rate="1.0" complexity="0">
							<lines>
								<line number="51" hits="0" branch="false"/>
							</lines>
						</method>
						<method name="setAllowManualReconcile" signature="(Z)V" line-rate="0.0" branch-rate="1.0" complexity="0">
							<lines>
								<line number="26" hits="0" branch="false"/>
								<line number="27" hits="0" branch="false"/>
							</lines>
						</method>
						<method name="setCorporate" signature="(Z)V" line-rate="0.0" branch-rate="1.0" complexity="0">
							<lines>
								<line number="36" hits="0" branch="false"/>
								<line number="37" hits="0" branch="false"/>
							</lines>
						</method>
						<method name="setCorporateAutoEnroll" signature="(Z)V" line-rate="0.0" branch-rate="1.0" complexity="0">
							<lines>
								<line number="46" hits="0" branch="false"/>
								<line number="47" hits="0" branch="false"/>
							</lines>
						</method>
						<method name="setCorporateDeviceUnenrollAction" signature="(Ljava/lang/String;)V" line-rate="0.0" branch-rate="1.0" complexity="0">
							<lines>
								<line number="77" hits="0" branch="false"/>
								<line number="78" hits="0" branch="false"/>
							</lines>
						</method>
						<method name="setFullyManaged" signature="(Z)V" line-rate="0.0" branch-rate="1.0" complexity="0">
							<lines>
								<line number="56" hits="0" branch="false"/>
								<line number="57" hits="0" branch="false"/>
							</lines>
						</method>
						<method name="setLanguage" signature="(Ljava/lang/String;)V" line-rate="0.0" branch-rate="1.0" complexity="0">
							<lines>
								<line number="97" hits="0" branch="false"/>
								<line number="98" hits="0" branch="false"/>
							</lines>
						</method>
						<method name="setMobileEnrollmentRuleList" signature="(Ljava/util/List;)V" line-rate="0.0" branch-rate="1.0" complexity="0">
							<lines>
								<line number="67" hits="0" branch="false"/>
								<line number="68" hits="0" branch="false"/>
							</lines>
						</method>
						<method name="setPersonalDeviceUnenrollAction" signature="(Ljava/lang/String;)V" line-rate="0.0" branch-rate="1.0" complexity="0">
							<lines>
								<line number="87" hits="0" branch="false"/>
								<line number="88" hits="0" branch="false"/>
							</lines>
						</method>
					</methods>
					<lines>
						<line number="7" hits="0" branch="false"/>
						<line number="21" hits="0" branch="false"/>
						<line number="26" hits="0" branch="false"/>
						<line number="27" hits="0" branch="false"/>
						<line number="31" hits="0" branch="false"/>
						<line number="36" hits="0" branch="false"/>
						<line number="37" hits="0" branch="false"/>
						<line number="41" hits="0" branch="false"/>
						<line number="46" hits="0" branch="false"/>
						<line number="47" hits="0" branch="false"/>
						<line number="51" hits="0" branch="false"/>
						<line number="56" hits="0" branch="false"/>
						<line number="57" hits="0" branch="false"/>
						<line number="61" hits="0" branch="false"/>
						<line number="67" hits="0" branch="false"/>
						<line number="68" hits="0" branch="false"/>
						<line number="72" hits="0" branch="false"/>
						<line number="77" hits="0" branch="false"/>
						<line number="78" hits="0" branch="false"/>
						<line number="82" hits="0" branch="false"/>
						<line number="87" hits="0" branch="false"/>
						<line number="88" hits="0" branch="false"/>
						<line number="92" hits="0" branch="false"/>
						<line number="97" hits="0" branch="false"/>
						<line number="98" hits="0" branch="false"/>
					</lines>
				</class>
				<class name="com.novell.msworks.mobile.handlers.IAppleSyncHandler" filename="com/novell/msworks/mobile/handlers/IAppleSyncHandler.java" line-rate="1.0" branch-rate="1.0" complexity="0.0">
					<methods>
					</methods>
					<lines>
					</lines>
				</class>
				<class name="com.novell.msworks.mobile.handlers.ICommandHandler" filename="com/novell/msworks/mobile/handlers/ICommandHandler.java" line-rate="1.0" branch-rate="1.0" complexity="0.0">
					<methods>
					</methods>
					<lines>
					</lines>
				</class>
				<class name="com.novell.msworks.mobile.handlers.IDeviceInfoCollector" filename="com/novell/msworks/mobile/handlers/IDeviceInfoCollector.java" line-rate="1.0" branch-rate="1.0" complexity="1.0">
					<methods>
					</methods>
					<lines>
					</lines>
				</class>
				<class name="com.novell.msworks.mobile.handlers.IEnrollmentHandler" filename="com/novell/msworks/mobile/handlers/IEnrollmentHandler.java" line-rate="1.0" branch-rate="1.0" complexity="1.0">
					<methods>
					</methods>
					<lines>
					</lines>
				</class>
			</classes>
		</package>
		<package name="com.novell.msworks.mobile.internal" line-rate="0.660377358490566" branch-rate="0.6" complexity="1.8333333333333333">
			<classes>
				<class name="com.novell.msworks.mobile.internal.MobileContextListener" filename="com/novell/msworks/mobile/internal/MobileContextListener.java" line-rate="0.660377358490566" branch-rate="0.6" complexity="1.8333333333333333">
					<methods>
						<method name="&lt;init&gt;" signature="()V" line-rate="1.0" branch-rate="1.0" complexity="0">
							<lines>
								<line number="39" hits="2" branch="false"/>
								<line number="41" hits="2" branch="false"/>
								<line number="42" hits="2" branch="false"/>
								<line number="43" hits="2" branch="false"/>
								<line number="44" hits="2" branch="false"/>
								<line number="45" hits="2" branch="false"/>
							</lines>
						</method>
						<method name="contextDestroyed" signature="(Ljavax/servlet/ServletContextEvent;)V" line-rate="0.0" branch-rate="1.0" complexity="0">
							<lines>
								<line number="167" hits="0" branch="false"/>
								<line number="168" hits="0" branch="false"/>
								<line number="170" hits="0" branch="false"/>
							</lines>
						</method>
						<method name="contextInitialized" signature="(Ljavax/servlet/ServletContextEvent;)V" line-rate="0.8275862068965517" branch-rate="0.6" complexity="0">
							<lines>
								<line number="50" hits="2" branch="false"/>
								<line number="51" hits="2" branch="false"/>
								<line number="53" hits="2" branch="false"/>
								<line number="54" hits="2" branch="true" condition-coverage="50% (1/2)">
									<conditions>
										<condition number="0" type="jump" coverage="50%"/>
									</conditions>
								</line>
								<line number="58" hits="2" branch="true" condition-coverage="100% (2/2)">
									<conditions>
										<condition number="0" type="jump" coverage="100%"/>
									</conditions>
								</line>
								<line number="62" hits="1" branch="false"/>
								<line number="64" hits="0" branch="false"/>
								<line number="66" hits="0" branch="false"/>
								<line number="67" hits="1" branch="false"/>
								<line number="69" hits="2" branch="true" condition-coverage="50% (1/2)">
									<conditions>
										<condition number="0" type="jump" coverage="50%"/>
									</conditions>
								</line>
								<line number="73" hits="2" branch="false"/>
								<line number="75" hits="1" branch="false"/>
								<line number="77" hits="1" branch="false"/>
								<line number="78" hits="1" branch="false"/>
								<line number="80" hits="2" branch="true" condition-coverage="50% (1/2)">
									<conditions>
										<condition number="0" type="jump" coverage="50%"/>
									</conditions>
								</line>
								<line number="84" hits="2" branch="false"/>
								<line number="86" hits="1" branch="false"/>
								<line number="88" hits="1" branch="false"/>
								<line number="89" hits="1" branch="false"/>
								<line number="91" hits="2" branch="true" condition-coverage="50% (1/2)">
									<conditions>
										<condition number="0" type="jump" coverage="50%"/>
									</conditions>
								</line>
								<line number="95" hits="2" branch="false"/>
								<line number="97" hits="0" branch="false"/>
								<line number="99" hits="0" branch="false"/>
								<line number="100" hits="2" branch="false"/>
								<line number="104" hits="2" branch="false"/>
								<line number="105" hits="2" branch="false"/>
								<line number="106" hits="2" branch="false"/>
								<line number="109" hits="0" branch="false"/>
								<line number="112" hits="2" branch="false"/>
							</lines>
						</method>
						<method name="getCore_pool_size" signature="()I" line-rate="1.0" branch-rate="1.0" complexity="0">
							<lines>
								<line number="126" hits="2" branch="false"/>
							</lines>
						</method>
						<method name="getExecutor" signature="()Ljava/util/concurrent/Executor;" line-rate="1.0" branch-rate="1.0" complexity="0">
							<lines>
								<line number="116" hits="2" branch="false"/>
							</lines>
						</method>
						<method name="getKeep_alive_time" signature="()J" line-rate="1.0" branch-rate="1.0" complexity="0">
							<lines>
								<line number="146" hits="2" branch="false"/>
							</lines>
						</method>
						<method name="getMax_pool_size" signature="()I" line-rate="1.0" branch-rate="1.0" complexity="0">
							<lines>
								<line number="136" hits="2" branch="false"/>
							</lines>
						</method>
						<method name="getNum_queue_items" signature="()I" line-rate="1.0" branch-rate="1.0" complexity="0">
							<lines>
								<line number="156" hits="2" branch="false"/>
							</lines>
						</method>
						<method name="setCore_pool_size" signature="(I)V" line-rate="0.0" branch-rate="1.0" complexity="0">
							<lines>
								<line number="131" hits="0" branch="false"/>
								<line number="132" hits="0" branch="false"/>
							</lines>
						</method>
						<method name="setExecutor" signature="(Ljava/util/concurrent/Executor;)V" line-rate="0.0" branch-rate="1.0" complexity="0">
							<lines>
								<line number="121" hits="0" branch="false"/>
								<line number="122" hits="0" branch="false"/>
							</lines>
						</method>
						<method name="setKeep_alive_time" signature="(J)V" line-rate="0.0" branch-rate="1.0" complexity="0">
							<lines>
								<line number="151" hits="0" branch="false"/>
								<line number="152" hits="0" branch="false"/>
							</lines>
						</method>
						<method name="setMax_pool_size" signature="(I)V" line-rate="0.0" branch-rate="1.0" complexity="0">
							<lines>
								<line number="141" hits="0" branch="false"/>
								<line number="142" hits="0" branch="false"/>
							</lines>
						</method>
						<method name="setNum_queue_items" signature="(I)V" line-rate="0.0" branch-rate="1.0" complexity="0">
							<lines>
								<line number="161" hits="0" branch="false"/>
								<line number="162" hits="0" branch="false"/>
							</lines>
						</method>
					</methods>
					<lines>
						<line number="39" hits="2" branch="false"/>
						<line number="41" hits="2" branch="false"/>
						<line number="42" hits="2" branch="false"/>
						<line number="43" hits="2" branch="false"/>
						<line number="44" hits="2" branch="false"/>
						<line number="45" hits="2" branch="false"/>
						<line number="50" hits="2" branch="false"/>
						<line number="51" hits="2" branch="false"/>
						<line number="53" hits="2" branch="false"/>
						<line number="54" hits="2" branch="true" condition-coverage="50% (1/2)">
							<conditions>
								<condition number="0" type="jump" coverage="50%"/>
							</conditions>
						</line>
						<line number="58" hits="2" branch="true" condition-coverage="100% (2/2)">
							<conditions>
								<condition number="0" type="jump" coverage="100%"/>
							</conditions>
						</line>
						<line number="62" hits="1" branch="false"/>
						<line number="64" hits="0" branch="false"/>
						<line number="66" hits="0" branch="false"/>
						<line number="67" hits="1" branch="false"/>
						<line number="69" hits="2" branch="true" condition-coverage="50% (1/2)">
							<conditions>
								<condition number="0" type="jump" coverage="50%"/>
							</conditions>
						</line>
						<line number="73" hits="2" branch="false"/>
						<line number="75" hits="1" branch="false"/>
						<line number="77" hits="1" branch="false"/>
						<line number="78" hits="1" branch="false"/>
						<line number="80" hits="2" branch="true" condition-coverage="50% (1/2)">
							<conditions>
								<condition number="0" type="jump" coverage="50%"/>
							</conditions>
						</line>
						<line number="84" hits="2" branch="false"/>
						<line number="86" hits="1" branch="false"/>
						<line number="88" hits="1" branch="false"/>
						<line number="89" hits="1" branch="false"/>
						<line number="91" hits="2" branch="true" condition-coverage="50% (1/2)">
							<conditions>
								<condition number="0" type="jump" coverage="50%"/>
							</conditions>
						</line>
						<line number="95" hits="2" branch="false"/>
						<line number="97" hits="0" branch="false"/>
						<line number="99" hits="0" branch="false"/>
						<line number="100" hits="2" branch="false"/>
						<line number="104" hits="2" branch="false"/>
						<line number="105" hits="2" branch="false"/>
						<line number="106" hits="2" branch="false"/>
						<line number="109" hits="0" branch="false"/>
						<line number="112" hits="2" branch="false"/>
						<line number="116" hits="2" branch="false"/>
						<line number="121" hits="0" branch="false"/>
						<line number="122" hits="0" branch="false"/>
						<line number="126" hits="2" branch="false"/>
						<line number="131" hits="0" branch="false"/>
						<line number="132" hits="0" branch="false"/>
						<line number="136" hits="2" branch="false"/>
						<line number="141" hits="0" branch="false"/>
						<line number="142" hits="0" branch="false"/>
						<line number="146" hits="2" branch="false"/>
						<line number="151" hits="0" branch="false"/>
						<line number="152" hits="0" branch="false"/>
						<line number="156" hits="2" branch="false"/>
						<line number="161" hits="0" branch="false"/>
						<line number="162" hits="0" branch="false"/>
						<line number="167" hits="0" branch="false"/>
						<line number="168" hits="0" branch="false"/>
						<line number="170" hits="0" branch="false"/>
					</lines>
				</class>
			</classes>
		</package>
		<package name="com.novell.msworks.mobile.inventory" line-rate="0.9144385026737968" branch-rate="0.6935483870967742" complexity="2.1515151515151514">
			<classes>
				<class name="com.novell.msworks.mobile.inventory.InventoryHelper" filename="com/novell/msworks/mobile/inventory/InventoryHelper.java" line-rate="0.9083969465648855" branch-rate="0.6521739130434783" complexity="2.1739130434782608">
					<methods>
						<method name="&lt;init&gt;" signature="()V" line-rate="1.0" branch-rate="1.0" complexity="0">
							<lines>
								<line number="64" hits="3" branch="false"/>
							</lines>
						</method>
						<method name="addEmptyHardwareInfoToMifObject" signature="(Lcom/novell/msworks/mobile/inventory/mifcomponents/MifObject;Ljava/lang/String;)V" line-rate="1.0" branch-rate="0.5" complexity="0">
							<lines>
								<line number="279" hits="9" branch="false"/>
								<line number="280" hits="9" branch="true" condition-coverage="50% (1/2)">
									<conditions>
										<condition number="0" type="jump" coverage="50%"/>
									</conditions>
								</line>
								<line number="282" hits="9" branch="false"/>
								<line number="283" hits="9" branch="false"/>
								<line number="285" hits="9" branch="false"/>
							</lines>
						</method>
						<method name="addScanInfoToMifObject" signature="(Lcom/novell/msworks/mobile/inventory/mifcomponents/MifObject;)V" line-rate="1.0" branch-rate="1.0" complexity="0">
							<lines>
								<line number="188" hits="9" branch="false"/>
								<line number="189" hits="9" branch="false"/>
								<line number="190" hits="9" branch="false"/>
								<line number="191" hits="9" branch="false"/>
							</lines>
						</method>
						<method name="addSoftwareInstalledApps" signature="(Lcom/novell/msworks/mobile/inventory/mifcomponents/MifObject;Ljava/lang/String;)V" line-rate="1.0" branch-rate="0.5" complexity="0">
							<lines>
								<line number="332" hits="2" branch="false"/>
								<line number="333" hits="2" branch="true" condition-coverage="50% (1/2)">
									<conditions>
										<condition number="0" type="jump" coverage="50%"/>
									</conditions>
								</line>
								<line number="335" hits="2" branch="false"/>
								<line number="336" hits="2" branch="false"/>
								<line number="338" hits="2" branch="false"/>
							</lines>
						</method>
						<method name="addSoftwareManagedAppIdentifiers" signature="(Lcom/novell/msworks/mobile/inventory/mifcomponents/MifObject;Ljava/lang/String;)V" line-rate="1.0" branch-rate="0.5" complexity="0">
							<lines>
								<line number="322" hits="1" branch="false"/>
								<line number="323" hits="1" branch="true" condition-coverage="50% (1/2)">
									<conditions>
										<condition number="0" type="jump" coverage="50%"/>
									</conditions>
								</line>
								<line number="325" hits="1" branch="false"/>
								<line number="326" hits="1" branch="false"/>
								<line number="328" hits="1" branch="false"/>
							</lines>
						</method>
						<method name="convertMifObjectToString" signature="(Lcom/novell/msworks/mobile/inventory/mifcomponents/MifObject;)Ljava/lang/String;" line-rate="1.0" branch-rate="1.0" complexity="0">
							<lines>
								<line number="221" hits="5" branch="false"/>
								<line number="222" hits="5" branch="false"/>
							</lines>
						</method>
						<method name="createFile" signature="(Ljava/lang/String;Ljava/lang/String;)Ljava/io/File;" line-rate="1.0" branch-rate="1.0" complexity="0">
							<lines>
								<line number="103" hits="2" branch="false"/>
							</lines>
						</method>
						<method name="createInventoryFile" signature="(Ljava/lang/String;Ljava/lang/String;Ljava/lang/String;)Z" line-rate="0.8125" branch-rate="0.625" complexity="0">
							<lines>
								<line number="79" hits="2" branch="false"/>
								<line number="80" hits="2" branch="false"/>
								<line number="83" hits="2" branch="false"/>
								<line number="84" hits="2" branch="true" condition-coverage="50% (1/2)">
									<conditions>
										<condition number="0" type="jump" coverage="50%"/>
									</conditions>
								</line>
								<line number="85" hits="0" branch="false"/>
								<line number="86" hits="2" branch="false"/>
								<line number="87" hits="2" branch="true" condition-coverage="100% (2/2)">
									<conditions>
										<condition number="0" type="jump" coverage="100%"/>
									</conditions>
								</line>
								<line number="88" hits="1" branch="false"/>
								<line number="89" hits="2" branch="true" condition-coverage="50% (1/2)">
									<conditions>
										<condition number="0" type="jump" coverage="50%"/>
									</conditions>
								</line>
								<line number="90" hits="2" branch="false"/>
								<line number="91" hits="2" branch="true" condition-coverage="50% (1/2)">
									<conditions>
										<condition number="0" type="jump" coverage="50%"/>
									</conditions>
								</line>
								<line number="92" hits="2" branch="false"/>
								<line number="94" hits="0" branch="false"/>
								<line number="96" hits="0" branch="false"/>
								<line number="97" hits="2" branch="false"/>
								<line number="98" hits="2" branch="false"/>
							</lines>
						</method>
						<method name="createInventoryFileInMobileInventoryFolder" signature="(Ljava/lang/String;Ljava/lang/String;)Z" line-rate="1.0" branch-rate="1.0" complexity="0">
							<lines>
								<line number="72" hits="2" branch="false"/>
								<line number="73" hits="2" branch="false"/>
								<line number="74" hits="2" branch="false"/>
							</lines>
						</method>
						<method name="createScanInfoForDevice" signature="()Lcom/novell/msworks/mobile/inventory/scaninfocomponents/ScanInfo;" line-rate="1.0" branch-rate="1.0" complexity="0">
							<lines>
								<line number="211" hits="10" branch="false"/>
								<line number="212" hits="10" branch="false"/>
								<line number="213" hits="10" branch="false"/>
								<line number="214" hits="10" branch="false"/>
								<line number="215" hits="10" branch="false"/>
								<line number="216" hits="10" branch="false"/>
							</lines>
						</method>
						<method name="generateFileName" signature="(Ljava/lang/String;)Ljava/lang/String;" line-rate="1.0" branch-rate="1.0" complexity="0">
							<lines>
								<line number="147" hits="1" branch="false"/>
							</lines>
						</method>
						<method name="getHardwareInventoryHelper" signature="()Lcom/novell/msworks/mobile/inventory/hardwarehelper/HardwareInventoryHelper;" line-rate="1.0" branch-rate="1.0" complexity="0">
							<lines>
								<line number="299" hits="11" branch="false"/>
							</lines>
						</method>
						<method name="getInventoryCategories" signature="(Ljava/lang/String;)[Lcom/novell/msworks/mobile/inventory/mifcomponents/AbstractParentComponent;" line-rate="1.0" branch-rate="1.0" complexity="0">
							<lines>
								<line number="152" hits="9" branch="false"/>
							</lines>
						</method>
						<method name="getInventoryInformation" signature="(Ljava/lang/String;Ljava/lang/String;)Lcom/novell/msworks/mobile/inventory/mifcomponents/MifObject;" line-rate="1.0" branch-rate="0.5" complexity="0">
							<lines>
								<line number="256" hits="8" branch="false"/>
								<line number="257" hits="8" branch="true" condition-coverage="50% (1/2)">
									<conditions>
										<condition number="0" type="jump" coverage="50%"/>
									</conditions>
								</line>
								<line number="259" hits="8" branch="false"/>
								<line number="260" hits="8" branch="false"/>
								<line number="262" hits="8" branch="false"/>
							</lines>
						</method>
						<method name="getInventoryInformationForActiveSync" signature="(Ljava/lang/String;)Lcom/novell/msworks/mobile/inventory/mifcomponents/MifObject;" line-rate="1.0" branch-rate="0.5" complexity="0">
							<lines>
								<line number="268" hits="1" branch="false"/>
								<line number="269" hits="1" branch="true" condition-coverage="50% (1/2)">
									<conditions>
										<condition number="0" type="jump" coverage="50%"/>
									</conditions>
								</line>
								<line number="271" hits="1" branch="false"/>
								<line number="272" hits="1" branch="false"/>
								<line number="274" hits="1" branch="false"/>
							</lines>
						</method>
						<method name="getMifObjectForTheDevice" signature="(Ljava/lang/String;Ljava/lang/String;)Lcom/novell/msworks/mobile/inventory/mifcomponents/MifObject;" line-rate="1.0" branch-rate="0.75" complexity="0">
							<lines>
								<line number="195" hits="14" branch="false"/>
								<line number="196" hits="14" branch="true" condition-coverage="75% (3/4)">
									<conditions>
										<condition number="0" type="jump" coverage="100%"/>
										<condition number="1" type="jump" coverage="50%"/>
									</conditions>
								</line>
								<line number="198" hits="1" branch="false"/>
								<line number="199" hits="1" branch="false"/>
								<line number="202" hits="13" branch="false"/>
								<line number="203" hits="13" branch="false"/>
								<line number="204" hits="13" branch="false"/>
								<line number="205" hits="13" branch="false"/>
								<line number="206" hits="13" branch="false"/>
							</lines>
						</method>
						<method name="getMobileInventoryPath" signature="()Ljava/lang/String;" line-rate="0.0" branch-rate="1.0" complexity="0">
							<lines>
								<line number="142" hits="0" branch="false"/>
							</lines>
						</method>
						<method name="getParentComponent" signature="(Lcom/novell/msworks/mobile/inventory/mifcomponents/MifObject;Lcom/novell/msworks/mobile/inventory/constants/InventoryParentComponents;)Lcom/novell/msworks/mobile/inventory/mifcomponents/AbstractParentComponent;" line-rate="1.0" branch-rate="1.0" complexity="0">
							<lines>
								<line number="227" hits="28" branch="false"/>
								<line number="228" hits="53" branch="true" condition-coverage="100% (2/2)">
									<conditions>
										<condition number="0" type="jump" coverage="100%"/>
									</conditions>
								</line>
								<line number="230" hits="52" branch="true" condition-coverage="100% (2/2)">
									<conditions>
										<condition number="0" type="jump" coverage="100%"/>
									</conditions>
								</line>
								<line number="231" hits="27" branch="false"/>
								<line number="233" hits="1" branch="false"/>
							</lines>
						</method>
						<method name="getSoftWareComponentForPlatform" signature="(Ljava/lang/String;)Lcom/novell/msworks/mobile/inventory/mifcomponents/AbstractParentComponent;" line-rate="1.0" branch-rate="0.75" complexity="0">
							<lines>
								<line number="157" hits="9" branch="false"/>
								<line number="158" hits="9" branch="false"/>
								<line number="159" hits="9" branch="true" condition-coverage="80% (8/10)">
									<conditions>
										<condition number="0" type="jump" coverage="50%"/>
										<condition number="1" type="jump" coverage="50%"/>
										<condition number="0" type="switch" coverage="100%"/>
										<condition number="1" type="switch" coverage="100%"/>
									</conditions>
								</line>
								<line number="163" hits="2" branch="false"/>
								<line number="164" hits="2" branch="false"/>
								<line number="165" hits="2" branch="false"/>
								<line number="166" hits="2" branch="true" condition-coverage="50% (1/2)">
									<conditions>
										<condition number="0" type="jump" coverage="50%"/>
									</conditions>
								</line>
								<line number="168" hits="2" branch="false"/>
								<line number="173" hits="4" branch="false"/>
								<line number="177" hits="9" branch="false"/>
								<line number="179" hits="9" branch="false"/>
								<line number="181" hits="9" branch="false"/>
								<line number="183" hits="9" branch="false"/>
							</lines>
						</method>
						<method name="getSoftwareInventoryHelper" signature="()Lcom/novell/msworks/mobile/inventory/softwarehelper/SoftwareInventoryHelper;" line-rate="1.0" branch-rate="1.0" complexity="0">
							<lines>
								<line number="342" hits="1" branch="false"/>
							</lines>
						</method>
						<method name="populateHardwareInfoInMifObject" signature="(Lcom/novell/msworks/mobile/inventory/mifcomponents/MifObject;Lcom/novell/msworks/datamodel/objects/mobile/MobileDevice;)V" line-rate="1.0" branch-rate="0.5" complexity="0">
							<lines>
								<line number="289" hits="2" branch="false"/>
								<line number="290" hits="2" branch="true" condition-coverage="50% (1/2)">
									<conditions>
										<condition number="0" type="jump" coverage="50%"/>
									</conditions>
								</line>
								<line number="292" hits="2" branch="false"/>
								<line number="293" hits="2" branch="false"/>
								<line number="295" hits="2" branch="false"/>
							</lines>
						</method>
						<method name="updateLastInventoryScan" signature="(Lcom/novell/msworks/datamodel/objects/mobile/MobileDevice;)V" line-rate="0.7777777777777778" branch-rate="0.5" complexity="0">
							<lines>
								<line number="240" hits="1" branch="false"/>
								<line number="241" hits="1" branch="false"/>
								<line number="242" hits="1" branch="false"/>
								<line number="243" hits="1" branch="true" condition-coverage="50% (1/2)">
									<conditions>
										<condition number="0" type="jump" coverage="50%"/>
									</conditions>
								</line>
								<line number="245" hits="1" branch="false"/>
								<line number="248" hits="0" branch="false"/>
								<line number="250" hits="0" branch="false"/>
								<line number="251" hits="1" branch="false"/>
								<line number="252" hits="1" branch="false"/>
							</lines>
						</method>
						<method name="updateLastInventoryScan" signature="(Ljava/lang/String;)V" line-rate="1.0" branch-rate="1.0" complexity="0">
							<lines>
								<line number="307" hits="2" branch="false"/>
								<line number="308" hits="2" branch="false"/>
								<line number="310" hits="2" branch="false"/>
								<line number="311" hits="1" branch="false"/>
								<line number="313" hits="1" branch="false"/>
								<line number="315" hits="1" branch="false"/>
								<line number="316" hits="1" branch="false"/>
								<line number="318" hits="2" branch="false"/>
							</lines>
						</method>
						<method name="writeToFile" signature="(Ljava/io/File;Ljava/lang/String;)Z" line-rate="0.6842105263157895" branch-rate="0.5" complexity="0">
							<lines>
								<line number="108" hits="2" branch="false"/>
								<line number="109" hits="2" branch="false"/>
								<line number="110" hits="2" branch="false"/>
								<line number="114" hits="2" branch="false"/>
								<line number="115" hits="2" branch="false"/>
								<line number="116" hits="2" branch="false"/>
								<line number="117" hits="2" branch="false"/>
								<line number="119" hits="0" branch="false"/>
								<line number="121" hits="0" branch="false"/>
								<line number="125" hits="0" branch="false"/>
								<line number="127" hits="2" branch="true" condition-coverage="50% (1/2)">
									<conditions>
										<condition number="0" type="jump" coverage="50%"/>
									</conditions>
								</line>
								<line number="128" hits="2" branch="false"/>
								<line number="129" hits="2" branch="true" condition-coverage="50% (1/2)">
									<conditions>
										<condition number="0" type="jump" coverage="50%"/>
									</conditions>
								</line>
								<line number="130" hits="2" branch="false"/>
								<line number="132" hits="0" branch="false"/>
								<line number="134" hits="0" branch="false"/>
								<line number="135" hits="2" branch="false"/>
								<line number="136" hits="0" branch="false"/>
								<line number="137" hits="2" branch="false"/>
							</lines>
						</method>
					</methods>
					<lines>
						<line number="64" hits="3" branch="false"/>
						<line number="72" hits="2" branch="false"/>
						<line number="73" hits="2" branch="false"/>
						<line number="74" hits="2" branch="false"/>
						<line number="79" hits="2" branch="false"/>
						<line number="80" hits="2" branch="false"/>
						<line number="83" hits="2" branch="false"/>
						<line number="84" hits="2" branch="true" condition-coverage="50% (1/2)">
							<conditions>
								<condition number="0" type="jump" coverage="50%"/>
							</conditions>
						</line>
						<line number="85" hits="0" branch="false"/>
						<line number="86" hits="2" branch="false"/>
						<line number="87" hits="2" branch="true" condition-coverage="100% (2/2)">
							<conditions>
								<condition number="0" type="jump" coverage="100%"/>
							</conditions>
						</line>
						<line number="88" hits="1" branch="false"/>
						<line number="89" hits="2" branch="true" condition-coverage="50% (1/2)">
							<conditions>
								<condition number="0" type="jump" coverage="50%"/>
							</conditions>
						</line>
						<line number="90" hits="2" branch="false"/>
						<line number="91" hits="2" branch="true" condition-coverage="50% (1/2)">
							<conditions>
								<condition number="0" type="jump" coverage="50%"/>
							</conditions>
						</line>
						<line number="92" hits="2" branch="false"/>
						<line number="94" hits="0" branch="false"/>
						<line number="96" hits="0" branch="false"/>
						<line number="97" hits="2" branch="false"/>
						<line number="98" hits="2" branch="false"/>
						<line number="103" hits="2" branch="false"/>
						<line number="108" hits="2" branch="false"/>
						<line number="109" hits="2" branch="false"/>
						<line number="110" hits="2" branch="false"/>
						<line number="114" hits="2" branch="false"/>
						<line number="115" hits="2" branch="false"/>
						<line number="116" hits="2" branch="false"/>
						<line number="117" hits="2" branch="false"/>
						<line number="119" hits="0" branch="false"/>
						<line number="121" hits="0" branch="false"/>
						<line number="125" hits="0" branch="false"/>
						<line number="127" hits="2" branch="true" condition-coverage="50% (1/2)">
							<conditions>
								<condition number="0" type="jump" coverage="50%"/>
							</conditions>
						</line>
						<line number="128" hits="2" branch="false"/>
						<line number="129" hits="2" branch="true" condition-coverage="50% (1/2)">
							<conditions>
								<condition number="0" type="jump" coverage="50%"/>
							</conditions>
						</line>
						<line number="130" hits="2" branch="false"/>
						<line number="132" hits="0" branch="false"/>
						<line number="134" hits="0" branch="false"/>
						<line number="135" hits="2" branch="false"/>
						<line number="136" hits="0" branch="false"/>
						<line number="137" hits="2" branch="false"/>
						<line number="142" hits="0" branch="false"/>
						<line number="147" hits="1" branch="false"/>
						<line number="152" hits="9" branch="false"/>
						<line number="157" hits="9" branch="false"/>
						<line number="158" hits="9" branch="false"/>
						<line number="159" hits="9" branch="true" condition-coverage="80% (8/10)">
							<conditions>
								<condition number="0" type="jump" coverage="50%"/>
								<condition number="1" type="jump" coverage="50%"/>
								<condition number="0" type="switch" coverage="100%"/>
								<condition number="1" type="switch" coverage="100%"/>
							</conditions>
						</line>
						<line number="163" hits="2" branch="false"/>
						<line number="164" hits="2" branch="false"/>
						<line number="165" hits="2" branch="false"/>
						<line number="166" hits="2" branch="true" condition-coverage="50% (1/2)">
							<conditions>
								<condition number="0" type="jump" coverage="50%"/>
							</conditions>
						</line>
						<line number="168" hits="2" branch="false"/>
						<line number="173" hits="4" branch="false"/>
						<line number="177" hits="9" branch="false"/>
						<line number="179" hits="9" branch="false"/>
						<line number="181" hits="9" branch="false"/>
						<line number="183" hits="9" branch="false"/>
						<line number="188" hits="9" branch="false"/>
						<line number="189" hits="9" branch="false"/>
						<line number="190" hits="9" branch="false"/>
						<line number="191" hits="9" branch="false"/>
						<line number="195" hits="14" branch="false"/>
						<line number="196" hits="14" branch="true" condition-coverage="75% (3/4)">
							<conditions>
								<condition number="0" type="jump" coverage="100%"/>
								<condition number="1" type="jump" coverage="50%"/>
							</conditions>
						</line>
						<line number="198" hits="1" branch="false"/>
						<line number="199" hits="1" branch="false"/>
						<line number="202" hits="13" branch="false"/>
						<line number="203" hits="13" branch="false"/>
						<line number="204" hits="13" branch="false"/>
						<line number="205" hits="13" branch="false"/>
						<line number="206" hits="13" branch="false"/>
						<line number="211" hits="10" branch="false"/>
						<line number="212" hits="10" branch="false"/>
						<line number="213" hits="10" branch="false"/>
						<line number="214" hits="10" branch="false"/>
						<line number="215" hits="10" branch="false"/>
						<line number="216" hits="10" branch="false"/>
						<line number="221" hits="5" branch="false"/>
						<line number="222" hits="5" branch="false"/>
						<line number="227" hits="28" branch="false"/>
						<line number="228" hits="53" branch="true" condition-coverage="100% (2/2)">
							<conditions>
								<condition number="0" type="jump" coverage="100%"/>
							</conditions>
						</line>
						<line number="230" hits="52" branch="true" condition-coverage="100% (2/2)">
							<conditions>
								<condition number="0" type="jump" coverage="100%"/>
							</conditions>
						</line>
						<line number="231" hits="27" branch="false"/>
						<line number="233" hits="1" branch="false"/>
						<line number="240" hits="1" branch="false"/>
						<line number="241" hits="1" branch="false"/>
						<line number="242" hits="1" branch="false"/>
						<line number="243" hits="1" branch="true" condition-coverage="50% (1/2)">
							<conditions>
								<condition number="0" type="jump" coverage="50%"/>
							</conditions>
						</line>
						<line number="245" hits="1" branch="false"/>
						<line number="248" hits="0" branch="false"/>
						<line number="250" hits="0" branch="false"/>
						<line number="251" hits="1" branch="false"/>
						<line number="252" hits="1" branch="false"/>
						<line number="256" hits="8" branch="false"/>
						<line number="257" hits="8" branch="true" condition-coverage="50% (1/2)">
							<conditions>
								<condition number="0" type="jump" coverage="50%"/>
							</conditions>
						</line>
						<line number="259" hits="8" branch="false"/>
						<line number="260" hits="8" branch="false"/>
						<line number="262" hits="8" branch="false"/>
						<line number="268" hits="1" branch="false"/>
						<line number="269" hits="1" branch="true" condition-coverage="50% (1/2)">
							<conditions>
								<condition number="0" type="jump" coverage="50%"/>
							</conditions>
						</line>
						<line number="271" hits="1" branch="false"/>
						<line number="272" hits="1" branch="false"/>
						<line number="274" hits="1" branch="false"/>
						<line number="279" hits="9" branch="false"/>
						<line number="280" hits="9" branch="true" condition-coverage="50% (1/2)">
							<conditions>
								<condition number="0" type="jump" coverage="50%"/>
							</conditions>
						</line>
						<line number="282" hits="9" branch="false"/>
						<line number="283" hits="9" branch="false"/>
						<line number="285" hits="9" branch="false"/>
						<line number="289" hits="2" branch="false"/>
						<line number="290" hits="2" branch="true" condition-coverage="50% (1/2)">
							<conditions>
								<condition number="0" type="jump" coverage="50%"/>
							</conditions>
						</line>
						<line number="292" hits="2" branch="false"/>
						<line number="293" hits="2" branch="false"/>
						<line number="295" hits="2" branch="false"/>
						<line number="299" hits="11" branch="false"/>
						<line number="307" hits="2" branch="false"/>
						<line number="308" hits="2" branch="false"/>
						<line number="310" hits="2" branch="false"/>
						<line number="311" hits="1" branch="false"/>
						<line number="313" hits="1" branch="false"/>
						<line number="315" hits="1" branch="false"/>
						<line number="316" hits="1" branch="false"/>
						<line number="318" hits="2" branch="false"/>
						<line number="322" hits="1" branch="false"/>
						<line number="323" hits="1" branch="true" condition-coverage="50% (1/2)">
							<conditions>
								<condition number="0" type="jump" coverage="50%"/>
							</conditions>
						</line>
						<line number="325" hits="1" branch="false"/>
						<line number="326" hits="1" branch="false"/>
						<line number="328" hits="1" branch="false"/>
						<line number="332" hits="2" branch="false"/>
						<line number="333" hits="2" branch="true" condition-coverage="50% (1/2)">
							<conditions>
								<condition number="0" type="jump" coverage="50%"/>
							</conditions>
						</line>
						<line number="335" hits="2" branch="false"/>
						<line number="336" hits="2" branch="false"/>
						<line number="338" hits="2" branch="false"/>
						<line number="342" hits="1" branch="false"/>
					</lines>
				</class>
				<class name="com.novell.msworks.mobile.inventory.InventoryScheduleHelper" filename="com/novell/msworks/mobile/inventory/InventoryScheduleHelper.java" line-rate="0.8571428571428571" branch-rate="1.0" complexity="3.5">
					<methods>
						<method name="&lt;init&gt;" signature="()V" line-rate="1.0" branch-rate="1.0" complexity="0">
							<lines>
								<line number="31" hits="10" branch="false"/>
								<line number="34" hits="10" branch="false"/>
								<line number="38" hits="10" branch="false"/>
								<line number="39" hits="10" branch="false"/>
								<line number="40" hits="10" branch="false"/>
							</lines>
						</method>
						<method name="isInventoryDue" signature="(Lcom/novell/msworks/datamodel/objects/mobile/MobileDevice;)Z" line-rate="0.8125" branch-rate="1.0" complexity="0">
							<lines>
								<line number="47" hits="8" branch="true" condition-coverage="100% (2/2)">
									<conditions>
										<condition number="0" type="jump" coverage="100%"/>
									</conditions>
								</line>
								<line number="49" hits="7" branch="true" condition-coverage="100% (2/2)">
									<conditions>
										<condition number="0" type="jump" coverage="100%"/>
									</conditions>
								</line>
								<line number="51" hits="6" branch="false"/>
								<line number="52" hits="6" branch="false"/>
								<line number="53" hits="6" branch="true" condition-coverage="100% (2/2)">
									<conditions>
										<condition number="0" type="jump" coverage="100%"/>
									</conditions>
								</line>
								<line number="55" hits="3" branch="false"/>
								<line number="56" hits="3" branch="false"/>
								<line number="57" hits="3" branch="true" condition-coverage="100% (2/2)">
									<conditions>
										<condition number="0" type="jump" coverage="100%"/>
									</conditions>
								</line>
								<line number="59" hits="2" branch="false"/>
								<line number="62" hits="6" branch="false"/>
								<line number="66" hits="1" branch="false"/>
								<line number="69" hits="0" branch="false"/>
								<line number="71" hits="0" branch="false"/>
								<line number="72" hits="0" branch="false"/>
								<line number="73" hits="8" branch="false"/>
								<line number="74" hits="8" branch="false"/>
							</lines>
						</method>
					</methods>
					<lines>
						<line number="31" hits="10" branch="false"/>
						<line number="34" hits="10" branch="false"/>
						<line number="38" hits="10" branch="false"/>
						<line number="39" hits="10" branch="false"/>
						<line number="40" hits="10" branch="false"/>
						<line number="47" hits="8" branch="true" condition-coverage="100% (2/2)">
							<conditions>
								<condition number="0" type="jump" coverage="100%"/>
							</conditions>
						</line>
						<line number="49" hits="7" branch="true" condition-coverage="100% (2/2)">
							<conditions>
								<condition number="0" type="jump" coverage="100%"/>
							</conditions>
						</line>
						<line number="51" hits="6" branch="false"/>
						<line number="52" hits="6" branch="false"/>
						<line number="53" hits="6" branch="true" condition-coverage="100% (2/2)">
							<conditions>
								<condition number="0" type="jump" coverage="100%"/>
							</conditions>
						</line>
						<line number="55" hits="3" branch="false"/>
						<line number="56" hits="3" branch="false"/>
						<line number="57" hits="3" branch="true" condition-coverage="100% (2/2)">
							<conditions>
								<condition number="0" type="jump" coverage="100%"/>
							</conditions>
						</line>
						<line number="59" hits="2" branch="false"/>
						<line number="62" hits="6" branch="false"/>
						<line number="66" hits="1" branch="false"/>
						<line number="69" hits="0" branch="false"/>
						<line number="71" hits="0" branch="false"/>
						<line number="72" hits="0" branch="false"/>
						<line number="73" hits="8" branch="false"/>
						<line number="74" hits="8" branch="false"/>
					</lines>
				</class>
				<class name="com.novell.msworks.mobile.inventory.MobileInventoryConfiguration" filename="com/novell/msworks/mobile/inventory/MobileInventoryConfiguration.java" line-rate="0.9714285714285714" branch-rate="0.625" complexity="1.75">
					<methods>
						<method name="&lt;clinit&gt;" signature="()V" line-rate="1.0" branch-rate="1.0" complexity="0">
							<lines>
								<line number="34" hits="1" branch="false"/>
							</lines>
						</method>
						<method name="&lt;init&gt;" signature="()V" line-rate="1.0" branch-rate="1.0" complexity="0">
							<lines>
								<line number="36" hits="1" branch="false"/>
								<line number="37" hits="1" branch="false"/>
								<line number="38" hits="1" branch="false"/>
								<line number="61" hits="1" branch="false"/>
								<line number="62" hits="1" branch="false"/>
								<line number="63" hits="1" branch="false"/>
							</lines>
						</method>
						<method name="getInstance" signature="()Lcom/novell/msworks/mobile/inventory/MobileInventoryConfiguration;" line-rate="1.0" branch-rate="1.0" complexity="0">
							<lines>
								<line number="57" hits="18" branch="false"/>
							</lines>
						</method>
						<method name="getInventoryConfFile" signature="()Ljava/io/File;" line-rate="1.0" branch-rate="1.0" complexity="0">
							<lines>
								<line number="67" hits="1" branch="false"/>
							</lines>
						</method>
						<method name="getInventoryConfigurationFromPropertyFile" signature="()V" line-rate="0.9523809523809523" branch-rate="0.625" complexity="0">
							<lines>
								<line number="72" hits="7" branch="false"/>
								<line number="75" hits="7" branch="false"/>
								<line number="76" hits="7" branch="false"/>
								<line number="78" hits="6" branch="true" condition-coverage="100% (2/2)">
									<conditions>
										<condition number="0" type="jump" coverage="100%"/>
									</conditions>
								</line>
								<line number="81" hits="5" branch="false"/>
								<line number="82" hits="4" branch="false"/>
								<line number="83" hits="4" branch="true" condition-coverage="50% (1/2)">
									<conditions>
										<condition number="0" type="jump" coverage="50%"/>
									</conditions>
								</line>
								<line number="84" hits="4" branch="false"/>
								<line number="85" hits="4" branch="true" condition-coverage="50% (1/2)">
									<conditions>
										<condition number="0" type="jump" coverage="50%"/>
									</conditions>
								</line>
								<line number="86" hits="4" branch="false"/>
								<line number="87" hits="4" branch="true" condition-coverage="50% (1/2)">
									<conditions>
										<condition number="0" type="jump" coverage="50%"/>
									</conditions>
								</line>
								<line number="88" hits="4" branch="false"/>
								<line number="92" hits="2" branch="false"/>
								<line number="94" hits="2" branch="false"/>
								<line number="98" hits="0" branch="false"/>
								<line number="100" hits="7" branch="false"/>
								<line number="103" hits="3" branch="false"/>
								<line number="105" hits="3" branch="false"/>
								<line number="106" hits="4" branch="false"/>
								<line number="107" hits="3" branch="false"/>
								<line number="108" hits="7" branch="false"/>
							</lines>
						</method>
						<method name="getScheduleHours" signature="()I" line-rate="1.0" branch-rate="1.0" complexity="0">
							<lines>
								<line number="47" hits="7" branch="false"/>
							</lines>
						</method>
						<method name="isInventoryEnabled" signature="()Z" line-rate="1.0" branch-rate="1.0" complexity="0">
							<lines>
								<line number="42" hits="6" branch="false"/>
							</lines>
						</method>
						<method name="isNonManagedAppsInventoryEnabled" signature="()Z" line-rate="1.0" branch-rate="1.0" complexity="0">
							<lines>
								<line number="52" hits="4" branch="false"/>
							</lines>
						</method>
						<method name="logDebugMessage" signature="(Ljava/lang/String;)V" line-rate="1.0" branch-rate="1.0" complexity="0">
							<lines>
								<line number="112" hits="3" branch="false"/>
								<line number="113" hits="3" branch="false"/>
							</lines>
						</method>
					</methods>
					<lines>
						<line number="34" hits="1" branch="false"/>
						<line number="36" hits="1" branch="false"/>
						<line number="37" hits="1" branch="false"/>
						<line number="38" hits="1" branch="false"/>
						<line number="42" hits="6" branch="false"/>
						<line number="47" hits="7" branch="false"/>
						<line number="52" hits="4" branch="false"/>
						<line number="57" hits="18" branch="false"/>
						<line number="61" hits="1" branch="false"/>
						<line number="62" hits="1" branch="false"/>
						<line number="63" hits="1" branch="false"/>
						<line number="67" hits="1" branch="false"/>
						<line number="72" hits="7" branch="false"/>
						<line number="75" hits="7" branch="false"/>
						<line number="76" hits="7" branch="false"/>
						<line number="78" hits="6" branch="true" condition-coverage="100% (2/2)">
							<conditions>
								<condition number="0" type="jump" coverage="100%"/>
							</conditions>
						</line>
						<line number="81" hits="5" branch="false"/>
						<line number="82" hits="4" branch="false"/>
						<line number="83" hits="4" branch="true" condition-coverage="50% (1/2)">
							<conditions>
								<condition number="0" type="jump" coverage="50%"/>
							</conditions>
						</line>
						<line number="84" hits="4" branch="false"/>
						<line number="85" hits="4" branch="true" condition-coverage="50% (1/2)">
							<conditions>
								<condition number="0" type="jump" coverage="50%"/>
							</conditions>
						</line>
						<line number="86" hits="4" branch="false"/>
						<line number="87" hits="4" branch="true" condition-coverage="50% (1/2)">
							<conditions>
								<condition number="0" type="jump" coverage="50%"/>
							</conditions>
						</line>
						<line number="88" hits="4" branch="false"/>
						<line number="92" hits="2" branch="false"/>
						<line number="94" hits="2" branch="false"/>
						<line number="98" hits="0" branch="false"/>
						<line number="100" hits="7" branch="false"/>
						<line number="103" hits="3" branch="false"/>
						<line number="105" hits="3" branch="false"/>
						<line number="106" hits="4" branch="false"/>
						<line number="107" hits="3" branch="false"/>
						<line number="108" hits="7" branch="false"/>
						<line number="112" hits="3" branch="false"/>
						<line number="113" hits="3" branch="false"/>
					</lines>
				</class>
			</classes>
		</package>
		<package name="com.novell.msworks.mobile.inventory.hardwarehelper" line-rate="0.9753086419753086" branch-rate="0.7777777777777778" complexity="2.25">
			<classes>
				<class name="com.novell.msworks.mobile.inventory.hardwarehelper.DiskChildComponentHelper" filename="com/novell/msworks/mobile/inventory/hardwarehelper/DiskChildComponentHelper.java" line-rate="0.9230769230769231" branch-rate="0.5" complexity="1.5">
					<methods>
						<method name="&lt;init&gt;" signature="()V" line-rate="1.0" branch-rate="1.0" complexity="0">
							<lines>
								<line number="31" hits="3" branch="false"/>
							</lines>
						</method>
						<method name="populateHardwareComponent" signature="(Lcom/novell/msworks/mobile/inventory/mifcomponents/AbstractChildComponent;Lcom/novell/msworks/datamodel/objects/mobile/MobileDevice;)Lcom/novell/msworks/mobile/inventory/mifcomponents/AbstractChildComponent;" line-rate="1.0" branch-rate="0.5" complexity="0">
							<lines>
								<line number="36" hits="3" branch="false"/>
								<line number="37" hits="3" branch="false"/>
								<line number="38" hits="3" branch="false"/>
								<line number="39" hits="3" branch="true" condition-coverage="50% (1/2)">
									<conditions>
										<condition number="0" type="jump" coverage="50%"/>
									</conditions>
								</line>
								<line number="41" hits="3" branch="false"/>
								<line number="44" hits="3" branch="false"/>
								<line number="45" hits="3" branch="false"/>
								<line number="46" hits="3" branch="false"/>
								<line number="47" hits="3" branch="false"/>
								<line number="48" hits="3" branch="false"/>
								<line number="49" hits="3" branch="false"/>
							</lines>
						</method>
						<method name="populateHardwareComponent" signature="(Lcom/novell/msworks/mobile/inventory/mifcomponents/AbstractParentComponent;Lcom/novell/msworks/mobile/inventory/mifcomponents/AbstractChildComponent;Lcom/novell/msworks/datamodel/objects/mobile/MobileDevice;)V" line-rate="0.0" branch-rate="1.0" complexity="0">
							<lines>
								<line number="56" hits="0" branch="false"/>
							</lines>
						</method>
					</methods>
					<lines>
						<line number="31" hits="3" branch="false"/>
						<line number="36" hits="3" branch="false"/>
						<line number="37" hits="3" branch="false"/>
						<line number="38" hits="3" branch="false"/>
						<line number="39" hits="3" branch="true" condition-coverage="50% (1/2)">
							<conditions>
								<condition number="0" type="jump" coverage="50%"/>
							</conditions>
						</line>
						<line number="41" hits="3" branch="false"/>
						<line number="44" hits="3" branch="false"/>
						<line number="45" hits="3" branch="false"/>
						<line number="46" hits="3" branch="false"/>
						<line number="47" hits="3" branch="false"/>
						<line number="48" hits="3" branch="false"/>
						<line number="49" hits="3" branch="false"/>
						<line number="56" hits="0" branch="false"/>
					</lines>
				</class>
				<class name="com.novell.msworks.mobile.inventory.hardwarehelper.HardwareChildComponentHelper" filename="com/novell/msworks/mobile/inventory/hardwarehelper/HardwareChildComponentHelper.java" line-rate="1.0" branch-rate="1.0" complexity="1.0">
					<methods>
					</methods>
					<lines>
					</lines>
				</class>
				<class name="com.novell.msworks.mobile.inventory.hardwarehelper.HardwareInventoryHelper" filename="com/novell/msworks/mobile/inventory/hardwarehelper/HardwareInventoryHelper.java" line-rate="1.0" branch-rate="0.782608695652174" complexity="2.6666666666666665">
					<methods>
						<method name="&lt;init&gt;" signature="()V" line-rate="1.0" branch-rate="1.0" complexity="0">
							<lines>
								<line number="39" hits="16" branch="false"/>
							</lines>
						</method>
						<method name="addActiveSyncSpecificHardwareChildComponents" signature="(Ljava/util/List;)V" line-rate="1.0" branch-rate="1.0" complexity="0">
							<lines>
								<line number="107" hits="3" branch="false"/>
								<line number="108" hits="3" branch="false"/>
								<line number="109" hits="3" branch="false"/>
							</lines>
						</method>
						<method name="addAndroidSpecificHardwareChildComponents" signature="(Ljava/util/List;)V" line-rate="1.0" branch-rate="1.0" complexity="0">
							<lines>
								<line number="123" hits="3" branch="false"/>
								<line number="124" hits="3" branch="false"/>
								<line number="125" hits="3" branch="false"/>
								<line number="126" hits="3" branch="false"/>
								<line number="127" hits="3" branch="false"/>
								<line number="128" hits="3" branch="false"/>
								<line number="129" hits="3" branch="false"/>
								<line number="131" hits="3" branch="false"/>
							</lines>
						</method>
						<method name="addEmptyHardwareComponentsToMif" signature="(Lcom/novell/msworks/mobile/inventory/mifcomponents/AbstractParentComponent;Ljava/lang/String;)V" line-rate="1.0" branch-rate="1.0" complexity="0">
							<lines>
								<line number="43" hits="11" branch="false"/>
								<line number="44" hits="11" branch="false"/>
								<line number="45" hits="11" branch="false"/>
							</lines>
						</method>
						<method name="addIOSSpecificHardwareChildComponents" signature="(Ljava/util/List;)V" line-rate="1.0" branch-rate="1.0" complexity="0">
							<lines>
								<line number="113" hits="7" branch="false"/>
								<line number="114" hits="7" branch="false"/>
								<line number="115" hits="7" branch="false"/>
								<line number="116" hits="7" branch="false"/>
								<line number="117" hits="7" branch="false"/>
								<line number="118" hits="7" branch="false"/>
								<line number="119" hits="7" branch="false"/>
							</lines>
						</method>
						<method name="getHardwareChildComponents" signature="(Ljava/lang/String;)[Lcom/novell/msworks/mobile/inventory/mifcomponents/AbstractChildComponent;" line-rate="1.0" branch-rate="0.6428571428571429" complexity="0">
							<lines>
								<line number="86" hits="13" branch="false"/>
								<line number="88" hits="13" branch="true" condition-coverage="64% (9/14)">
									<conditions>
										<condition number="0" type="jump" coverage="50%"/>
										<condition number="1" type="jump" coverage="50%"/>
										<condition number="2" type="jump" coverage="50%"/>
										<condition number="0" type="switch" coverage="75%"/>
										<condition number="1" type="switch" coverage="75%"/>
									</conditions>
								</line>
								<line number="91" hits="3" branch="false"/>
								<line number="92" hits="3" branch="false"/>
								<line number="94" hits="3" branch="false"/>
								<line number="95" hits="3" branch="false"/>
								<line number="97" hits="7" branch="false"/>
								<line number="100" hits="13" branch="false"/>
								<line number="101" hits="13" branch="false"/>
								<line number="102" hits="13" branch="false"/>
							</lines>
						</method>
						<method name="populateHardwareComponentsInMif" signature="(Lcom/novell/msworks/mobile/inventory/mifcomponents/AbstractParentComponent;Lcom/novell/msworks/datamodel/objects/mobile/MobileDevice;)V" line-rate="1.0" branch-rate="1.0" complexity="0">
							<lines>
								<line number="49" hits="8" branch="false"/>
								<line number="51" hits="28" branch="true" condition-coverage="100% (2/2)">
									<conditions>
										<condition number="0" type="jump" coverage="100%"/>
									</conditions>
								</line>
								<line number="53" hits="20" branch="false"/>
								<line number="54" hits="20" branch="true" condition-coverage="100% (7/7)">
									<conditions>
										<condition number="0" type="switch" coverage="100%"/>
									</conditions>
								</line>
								<line number="57" hits="3" branch="false"/>
								<line number="58" hits="3" branch="false"/>
								<line number="59" hits="3" branch="false"/>
								<line number="61" hits="5" branch="false"/>
								<line number="62" hits="5" branch="false"/>
								<line number="63" hits="5" branch="false"/>
								<line number="65" hits="3" branch="false"/>
								<line number="66" hits="3" branch="false"/>
								<line number="67" hits="3" branch="false"/>
								<line number="69" hits="2" branch="false"/>
								<line number="70" hits="2" branch="false"/>
								<line number="71" hits="2" branch="false"/>
								<line number="73" hits="3" branch="false"/>
								<line number="74" hits="3" branch="false"/>
								<line number="75" hits="3" branch="false"/>
								<line number="77" hits="3" branch="false"/>
								<line number="78" hits="3" branch="false"/>
								<line number="82" hits="8" branch="false"/>
							</lines>
						</method>
					</methods>
					<lines>
						<line number="39" hits="16" branch="false"/>
						<line number="43" hits="11" branch="false"/>
						<line number="44" hits="11" branch="false"/>
						<line number="45" hits="11" branch="false"/>
						<line number="49" hits="8" branch="false"/>
						<line number="51" hits="28" branch="true" condition-coverage="100% (2/2)">
							<conditions>
								<condition number="0" type="jump" coverage="100%"/>
							</conditions>
						</line>
						<line number="53" hits="20" branch="false"/>
						<line number="54" hits="20" branch="true" condition-coverage="100% (7/7)">
							<conditions>
								<condition number="0" type="switch" coverage="100%"/>
							</conditions>
						</line>
						<line number="57" hits="3" branch="false"/>
						<line number="58" hits="3" branch="false"/>
						<line number="59" hits="3" branch="false"/>
						<line number="61" hits="5" branch="false"/>
						<line number="62" hits="5" branch="false"/>
						<line number="63" hits="5" branch="false"/>
						<line number="65" hits="3" branch="false"/>
						<line number="66" hits="3" branch="false"/>
						<line number="67" hits="3" branch="false"/>
						<line number="69" hits="2" branch="false"/>
						<line number="70" hits="2" branch="false"/>
						<line number="71" hits="2" branch="false"/>
						<line number="73" hits="3" branch="false"/>
						<line number="74" hits="3" branch="false"/>
						<line number="75" hits="3" branch="false"/>
						<line number="77" hits="3" branch="false"/>
						<line number="78" hits="3" branch="false"/>
						<line number="82" hits="8" branch="false"/>
						<line number="86" hits="13" branch="false"/>
						<line number="88" hits="13" branch="true" condition-coverage="64% (9/14)">
							<conditions>
								<condition number="0" type="jump" coverage="50%"/>
								<condition number="1" type="jump" coverage="50%"/>
								<condition number="2" type="jump" coverage="50%"/>
								<condition number="0" type="switch" coverage="75%"/>
								<condition number="1" type="switch" coverage="75%"/>
							</conditions>
						</line>
						<line number="91" hits="3" branch="false"/>
						<line number="92" hits="3" branch="false"/>
						<line number="94" hits="3" branch="false"/>
						<line number="95" hits="3" branch="false"/>
						<line number="97" hits="7" branch="false"/>
						<line number="100" hits="13" branch="false"/>
						<line number="101" hits="13" branch="false"/>
						<line number="102" hits="13" branch="false"/>
						<line number="107" hits="3" branch="false"/>
						<line number="108" hits="3" branch="false"/>
						<line number="109" hits="3" branch="false"/>
						<line number="113" hits="7" branch="false"/>
						<line number="114" hits="7" branch="false"/>
						<line number="115" hits="7" branch="false"/>
						<line number="116" hits="7" branch="false"/>
						<line number="117" hits="7" branch="false"/>
						<line number="118" hits="7" branch="false"/>
						<line number="119" hits="7" branch="false"/>
						<line number="123" hits="3" branch="false"/>
						<line number="124" hits="3" branch="false"/>
						<line number="125" hits="3" branch="false"/>
						<line number="126" hits="3" branch="false"/>
						<line number="127" hits="3" branch="false"/>
						<line number="128" hits="3" branch="false"/>
						<line number="129" hits="3" branch="false"/>
						<line number="131" hits="3" branch="false"/>
					</lines>
				</class>
				<class name="com.novell.msworks.mobile.inventory.hardwarehelper.HardwareInventoryHelper$1" filename="com/novell/msworks/mobile/inventory/hardwarehelper/HardwareInventoryHelper.java" line-rate="1.0" branch-rate="1.0" complexity="2.6666666666666665">
					<methods>
						<method name="&lt;clinit&gt;" signature="()V" line-rate="1.0" branch-rate="1.0" complexity="0">
							<lines>
								<line number="54" hits="1" branch="false"/>
							</lines>
						</method>
					</methods>
					<lines>
						<line number="54" hits="1" branch="false"/>
					</lines>
				</class>
				<class name="com.novell.msworks.mobile.inventory.hardwarehelper.LanAdapterChildComponentHelper" filename="com/novell/msworks/mobile/inventory/hardwarehelper/LanAdapterChildComponentHelper.java" line-rate="1.0" branch-rate="0.7272727272727273" complexity="3.2">
					<methods>
						<method name="&lt;init&gt;" signature="(Lcom/novell/msworks/datamodel/objects/mobile/MobileDevice;)V" line-rate="1.0" branch-rate="1.0" complexity="0">
							<lines>
								<line number="41" hits="8" branch="false"/>
								<line number="42" hits="8" branch="false"/>
								<line number="43" hits="8" branch="false"/>
							</lines>
						</method>
						<method name="populateHardwareComponent" signature="(Lcom/novell/msworks/mobile/inventory/mifcomponents/AbstractChildComponent;Lcom/novell/msworks/datamodel/objects/mobile/MobileDevice;)Lcom/novell/msworks/mobile/inventory/mifcomponents/AbstractChildComponent;" line-rate="1.0" branch-rate="1.0" complexity="0">
							<lines>
								<line number="114" hits="1" branch="false"/>
							</lines>
						</method>
						<method name="populateHardwareComponent" signature="(Lcom/novell/msworks/mobile/inventory/mifcomponents/AbstractParentComponent;Lcom/novell/msworks/mobile/inventory/mifcomponents/AbstractChildComponent;Lcom/novell/msworks/datamodel/objects/mobile/MobileDevice;)V" line-rate="1.0" branch-rate="1.0" complexity="0">
							<lines>
								<line number="120" hits="7" branch="false"/>
								<line number="122" hits="7" branch="false"/>
								<line number="123" hits="7" branch="false"/>
								<line number="124" hits="7" branch="false"/>
							</lines>
						</method>
						<method name="populateLANChildComponent" signature="(Lcom/novell/msworks/datamodel/objects/devices/NetworkAddress;Lcom/novell/msworks/mobile/inventory/mifcomponents/AbstractChildComponent;)V" line-rate="1.0" branch-rate="0.5" complexity="0">
							<lines>
								<line number="101" hits="6" branch="false"/>
								<line number="102" hits="6" branch="false"/>
								<line number="103" hits="6" branch="true" condition-coverage="50% (1/2)">
									<conditions>
										<condition number="0" type="jump" coverage="50%"/>
									</conditions>
								</line>
								<line number="104" hits="6" branch="true" condition-coverage="50% (1/2)">
									<conditions>
										<condition number="0" type="jump" coverage="50%"/>
									</conditions>
								</line>
								<line number="105" hits="6" branch="true" condition-coverage="50% (1/2)">
									<conditions>
										<condition number="0" type="jump" coverage="50%"/>
									</conditions>
								</line>
								<line number="106" hits="6" branch="false"/>
								<line number="109" hits="6" branch="false"/>
							</lines>
						</method>
						<method name="populateLANChildComponent" signature="([Lcom/novell/msworks/mobile/inventory/mifcomponents/AbstractChildComponent;Lcom/novell/msworks/mobile/inventory/mifcomponents/AbstractChildComponent;)[Lcom/novell/msworks/mobile/inventory/mifcomponents/AbstractChildComponent;" line-rate="1.0" branch-rate="0.8125" complexity="0">
							<lines>
								<line number="48" hits="7" branch="false"/>
								<line number="49" hits="7" branch="false"/>
								<line number="51" hits="7" branch="false"/>
								<line number="53" hits="7" branch="true" condition-coverage="75% (3/4)">
									<conditions>
										<condition number="0" type="jump" coverage="100%"/>
										<condition number="1" type="jump" coverage="50%"/>
									</conditions>
								</line>
								<line number="55" hits="3" branch="false"/>
								<line number="56" hits="3" branch="false"/>
								<line number="57" hits="3" branch="false"/>
								<line number="58" hits="3" branch="false"/>
								<line number="63" hits="7" branch="true" condition-coverage="75% (3/4)">
									<conditions>
										<condition number="0" type="jump" coverage="100%"/>
										<condition number="1" type="jump" coverage="50%"/>
									</conditions>
								</line>
								<line number="65" hits="3" branch="false"/>
								<line number="66" hits="3" branch="false"/>
								<line number="67" hits="3" branch="false"/>
[...]
								<line number="302" hits="0" branch="false"/>
								<line number="304" hits="0" branch="true" condition-coverage="0% (0/2)">
									<conditions>
										<condition number="0" type="jump" coverage="0%"/>
									</conditions>
								</line>
								<line number="306" hits="0" branch="false"/>
								<line number="310" hits="0" branch="false"/>
								<line number="313" hits="0" branch="false"/>
								<line number="314" hits="0" branch="true" condition-coverage="0% (0/2)">
									<conditions>
										<condition number="0" type="jump" coverage="0%"/>
									</conditions>
								</line>
								<line number="317" hits="0" branch="false"/>
								<line number="318" hits="0" branch="false"/>
								<line number="319" hits="0" branch="true" condition-coverage="0% (0/2)">
									<conditions>
										<condition number="0" type="jump" coverage="0%"/>
									</conditions>
								</line>
								<line number="321" hits="0" branch="false"/>
								<line number="323" hits="0" branch="true" condition-coverage="0% (0/2)">
									<conditions>
										<condition number="0" type="jump" coverage="0%"/>
									</conditions>
								</line>
								<line number="325" hits="0" branch="false"/>
								<line number="326" hits="0" branch="false"/>
								<line number="330" hits="0" branch="false"/>
								<line number="331" hits="0" branch="false"/>
								<line number="334" hits="0" branch="false"/>
							</lines>
						</method>
						<method name="convertVersionValueIntoInteger" signature="(Ljava/lang/String;)Ljava/lang/Integer;" line-rate="0.0" branch-rate="0.0" complexity="0">
							<lines>
								<line number="218" hits="0" branch="false"/>
								<line number="221" hits="0" branch="true" condition-coverage="0% (0/4)">
									<conditions>
										<condition number="0" type="jump" coverage="0%"/>
										<condition number="1" type="jump" coverage="0%"/>
									</conditions>
								</line>
								<line number="223" hits="0" branch="false"/>
								<line number="226" hits="0" branch="false"/>
								<line number="228" hits="0" branch="false"/>
								<line number="229" hits="0" branch="false"/>
								<line number="230" hits="0" branch="false"/>
							</lines>
						</method>
						<method name="createSyncRequest" signature="(Ljava/lang/String;Lcom/novell/msworks/mobile/PushNotificationPayLoad;)Ljava/lang/String;" line-rate="0.0" branch-rate="0.0" complexity="0">
							<lines>
								<line number="151" hits="0" branch="true" condition-coverage="0% (0/2)">
									<conditions>
										<condition number="0" type="jump" coverage="0%"/>
									</conditions>
								</line>
								<line number="153" hits="0" branch="false"/>
								<line number="155" hits="0" branch="false"/>
								<line number="156" hits="0" branch="false"/>
								<line number="157" hits="0" branch="false"/>
								<line number="158" hits="0" branch="false"/>
								<line number="159" hits="0" branch="false"/>
								<line number="160" hits="0" branch="false"/>
								<line number="161" hits="0" branch="false"/>
								<line number="162" hits="0" branch="false"/>
								<line number="164" hits="0" branch="false"/>
								<line number="165" hits="0" branch="false"/>
								<line number="168" hits="0" branch="false"/>
								<line number="170" hits="0" branch="false"/>
								<line number="172" hits="0" branch="false"/>
								<line number="174" hits="0" branch="false"/>
								<line number="175" hits="0" branch="false"/>
							</lines>
						</method>
						<method name="createSyncRequest" signature="(Ljava/util/Set;Lcom/novell/msworks/mobile/PushNotificationPayLoad;)V" line-rate="0.0" branch-rate="0.0" complexity="0">
							<lines>
								<line number="191" hits="0" branch="true" condition-coverage="0% (0/2)">
									<conditions>
										<condition number="0" type="jump" coverage="0%"/>
									</conditions>
								</line>
								<line number="193" hits="0" branch="false"/>
								<line number="194" hits="0" branch="false"/>
								<line number="195" hits="0" branch="false"/>
								<line number="196" hits="0" branch="false"/>
								<line number="197" hits="0" branch="false"/>
								<line number="198" hits="0" branch="false"/>
								<line number="199" hits="0" branch="false"/>
								<line number="200" hits="0" branch="false"/>
								<line number="202" hits="0" branch="false"/>
								<line number="205" hits="0" branch="false"/>
								<line number="207" hits="0" branch="false"/>
								<line number="208" hits="0" branch="false"/>
								<line number="209" hits="0" branch="false"/>
							</lines>
						</method>
						<method name="getMobileDeviceService" signature="()Lcom/novell/msworks/datamodel/services/mobile/MobileDeviceAdminService;" line-rate="0.0" branch-rate="0.0" complexity="0">
							<lines>
								<line number="56" hits="0" branch="true" condition-coverage="0% (0/2)">
									<conditions>
										<condition number="0" type="jump" coverage="0%"/>
									</conditions>
								</line>
								<line number="58" hits="0" branch="false"/>
								<line number="59" hits="0" branch="false"/>
								<line number="61" hits="0" branch="false"/>
							</lines>
						</method>
						<method name="getMobileDevices" signature="(Ljava/lang/String;Ljava/lang/String;Ljava/lang/String;IIILjava/lang/String;)Ljava/util/List;" line-rate="0.0" branch-rate="0.0" complexity="0">
							<lines>
								<line number="77" hits="0" branch="false"/>
								<line number="81" hits="0" branch="true" condition-coverage="0% (0/2)">
									<conditions>
										<condition number="0" type="jump" coverage="0%"/>
									</conditions>
								</line>
								<line number="83" hits="0" branch="false"/>
								<line number="86" hits="0" branch="true" condition-coverage="0% (0/2)">
									<conditions>
										<condition number="0" type="jump" coverage="0%"/>
									</conditions>
								</line>
								<line number="88" hits="0" branch="false"/>
								<line number="89" hits="0" branch="true" condition-coverage="0% (0/4)">
									<conditions>
										<condition number="0" type="jump" coverage="0%"/>
										<condition number="1" type="jump" coverage="0%"/>
									</conditions>
								</line>
								<line number="91" hits="0" branch="false"/>
								<line number="93" hits="0" branch="false"/>
								<line number="96" hits="0" branch="false"/>
								<line number="98" hits="0" branch="false"/>
								<line number="100" hits="0" branch="false"/>
								<line number="102" hits="0" branch="false"/>
								<line number="104" hits="0" branch="false"/>
								<line number="106" hits="0" branch="false"/>
							</lines>
						</method>
						<method name="isAppCompatibleVerSupported" signature="(Ljava/lang/String;Ljava/lang/String;)Z" line-rate="0.0" branch-rate="0.0" complexity="0">
							<lines>
								<line number="241" hits="0" branch="false"/>
								<line number="242" hits="0" branch="false"/>
								<line number="244" hits="0" branch="false"/>
								<line number="247" hits="0" branch="true" condition-coverage="0% (0/4)">
									<conditions>
										<condition number="0" type="jump" coverage="0%"/>
										<condition number="1" type="jump" coverage="0%"/>
									</conditions>
								</line>
								<line number="249" hits="0" branch="true" condition-coverage="0% (0/2)">
									<conditions>
										<condition number="0" type="jump" coverage="0%"/>
									</conditions>
								</line>
								<line number="250" hits="0" branch="true" condition-coverage="0% (0/2)">
									<conditions>
										<condition number="0" type="jump" coverage="0%"/>
									</conditions>
								</line>
								<line number="252" hits="0" branch="false"/>
								<line number="255" hits="0" branch="false"/>
							</lines>
						</method>
						<method name="tryParse" signature="(Ljava/lang/String;)Ljava/lang/Integer;" line-rate="0.0" branch-rate="1.0" complexity="0">
							<lines>
								<line number="339" hits="0" branch="false"/>
								<line number="342" hits="0" branch="false"/>
								<line number="344" hits="0" branch="false"/>
								<line number="346" hits="0" branch="false"/>
								<line number="347" hits="0" branch="false"/>
								<line number="348" hits="0" branch="false"/>
							</lines>
						</method>
					</methods>
					<lines>
						<line number="47" hits="0" branch="false"/>
						<line number="49" hits="0" branch="false"/>
						<line number="56" hits="0" branch="true" condition-coverage="0% (0/2)">
							<conditions>
								<condition number="0" type="jump" coverage="0%"/>
							</conditions>
						</line>
						<line number="58" hits="0" branch="false"/>
						<line number="59" hits="0" branch="false"/>
						<line number="61" hits="0" branch="false"/>
						<line number="77" hits="0" branch="false"/>
						<line number="81" hits="0" branch="true" condition-coverage="0% (0/2)">
							<conditions>
								<condition number="0" type="jump" coverage="0%"/>
							</conditions>
						</line>
						<line number="83" hits="0" branch="false"/>
						<line number="86" hits="0" branch="true" condition-coverage="0% (0/2)">
							<conditions>
								<condition number="0" type="jump" coverage="0%"/>
							</conditions>
						</line>
						<line number="88" hits="0" branch="false"/>
						<line number="89" hits="0" branch="true" condition-coverage="0% (0/4)">
							<conditions>
								<condition number="0" type="jump" coverage="0%"/>
								<condition number="1" type="jump" coverage="0%"/>
							</conditions>
						</line>
						<line number="91" hits="0" branch="false"/>
						<line number="93" hits="0" branch="false"/>
						<line number="96" hits="0" branch="false"/>
						<line number="98" hits="0" branch="false"/>
						<line number="100" hits="0" branch="false"/>
						<line number="102" hits="0" branch="false"/>
						<line number="104" hits="0" branch="false"/>
						<line number="106" hits="0" branch="false"/>
						<line number="151" hits="0" branch="true" condition-coverage="0% (0/2)">
							<conditions>
								<condition number="0" type="jump" coverage="0%"/>
							</conditions>
						</line>
						<line number="153" hits="0" branch="false"/>
						<line number="155" hits="0" branch="false"/>
						<line number="156" hits="0" branch="false"/>
						<line number="157" hits="0" branch="false"/>
						<line number="158" hits="0" branch="false"/>
						<line number="159" hits="0" branch="false"/>
						<line number="160" hits="0" branch="false"/>
						<line number="161" hits="0" branch="false"/>
						<line number="162" hits="0" branch="false"/>
						<line number="164" hits="0" branch="false"/>
						<line number="165" hits="0" branch="false"/>
						<line number="168" hits="0" branch="false"/>
						<line number="170" hits="0" branch="false"/>
						<line number="172" hits="0" branch="false"/>
						<line number="174" hits="0" branch="false"/>
						<line number="175" hits="0" branch="false"/>
						<line number="191" hits="0" branch="true" condition-coverage="0% (0/2)">
							<conditions>
								<condition number="0" type="jump" coverage="0%"/>
							</conditions>
						</line>
						<line number="193" hits="0" branch="false"/>
						<line number="194" hits="0" branch="false"/>
						<line number="195" hits="0" branch="false"/>
						<line number="196" hits="0" branch="false"/>
						<line number="197" hits="0" branch="false"/>
						<line number="198" hits="0" branch="false"/>
						<line number="199" hits="0" branch="false"/>
						<line number="200" hits="0" branch="false"/>
						<line number="202" hits="0" branch="false"/>
						<line number="205" hits="0" branch="false"/>
						<line number="207" hits="0" branch="false"/>
						<line number="208" hits="0" branch="false"/>
						<line number="209" hits="0" branch="false"/>
						<line number="218" hits="0" branch="false"/>
						<line number="221" hits="0" branch="true" condition-coverage="0% (0/4)">
							<conditions>
								<condition number="0" type="jump" coverage="0%"/>
								<condition number="1" type="jump" coverage="0%"/>
							</conditions>
						</line>
						<line number="223" hits="0" branch="false"/>
						<line number="226" hits="0" branch="false"/>
						<line number="228" hits="0" branch="false"/>
						<line number="229" hits="0" branch="false"/>
						<line number="230" hits="0" branch="false"/>
						<line number="241" hits="0" branch="false"/>
						<line number="242" hits="0" branch="false"/>
						<line number="244" hits="0" branch="false"/>
						<line number="247" hits="0" branch="true" condition-coverage="0% (0/4)">
							<conditions>
								<condition number="0" type="jump" coverage="0%"/>
								<condition number="1" type="jump" coverage="0%"/>
							</conditions>
						</line>
						<line number="249" hits="0" branch="true" condition-coverage="0% (0/2)">
							<conditions>
								<condition number="0" type="jump" coverage="0%"/>
							</conditions>
						</line>
						<line number="250" hits="0" branch="true" condition-coverage="0% (0/2)">
							<conditions>
								<condition number="0" type="jump" coverage="0%"/>
							</conditions>
						</line>
						<line number="252" hits="0" branch="false"/>
						<line number="255" hits="0" branch="false"/>
						<line number="268" hits="0" branch="true" condition-coverage="0% (0/4)">
							<conditions>
								<condition number="0" type="jump" coverage="0%"/>
								<condition number="1" type="jump" coverage="0%"/>
							</conditions>
						</line>
						<line number="270" hits="0" branch="false"/>
						<line number="273" hits="0" branch="true" condition-coverage="0% (0/8)">
							<conditions>
								<condition number="0" type="jump" coverage="0%"/>
								<condition number="1" type="jump" coverage="0%"/>
								<condition number="2" type="jump" coverage="0%"/>
								<condition number="3" type="jump" coverage="0%"/>
							</conditions>
						</line>
						<line number="275" hits="0" branch="false"/>
						<line number="278" hits="0" branch="true" condition-coverage="0% (0/8)">
							<conditions>
								<condition number="0" type="jump" coverage="0%"/>
								<condition number="1" type="jump" coverage="0%"/>
								<condition number="2" type="jump" coverage="0%"/>
								<condition number="3" type="jump" coverage="0%"/>
							</conditions>
						</line>
						<line number="280" hits="0" branch="false"/>
						<line number="282" hits="0" branch="true" condition-coverage="0% (0/4)">
							<conditions>
								<condition number="0" type="jump" coverage="0%"/>
								<condition number="1" type="jump" coverage="0%"/>
							</conditions>
						</line>
						<line number="284" hits="0" branch="false"/>
						<line number="286" hits="0" branch="true" condition-coverage="0% (0/2)">
							<conditions>
								<condition number="0" type="jump" coverage="0%"/>
							</conditions>
						</line>
						<line number="288" hits="0" branch="false"/>
						<line number="290" hits="0" branch="false"/>
						<line number="291" hits="0" branch="false"/>
						<line number="292" hits="0" branch="true" condition-coverage="0% (0/2)">
							<conditions>
								<condition number="0" type="jump" coverage="0%"/>
							</conditions>
						</line>
						<line number="295" hits="0" branch="true" condition-coverage="0% (0/2)">
							<conditions>
								<condition number="0" type="jump" coverage="0%"/>
							</conditions>
						</line>
						<line number="296" hits="0" branch="false"/>
						<line number="297" hits="0" branch="false"/>
						<line number="299" hits="0" branch="false"/>
						<line number="300" hits="0" branch="true" condition-coverage="0% (0/2)">
							<conditions>
								<condition number="0" type="jump" coverage="0%"/>
							</conditions>
						</line>
						<line number="302" hits="0" branch="false"/>
						<line number="304" hits="0" branch="true" condition-coverage="0% (0/2)">
							<conditions>
								<condition number="0" type="jump" coverage="0%"/>
							</conditions>
						</line>
						<line number="306" hits="0" branch="false"/>
						<line number="310" hits="0" branch="false"/>
						<line number="313" hits="0" branch="false"/>
						<line number="314" hits="0" branch="true" condition-coverage="0% (0/2)">
							<conditions>
								<condition number="0" type="jump" coverage="0%"/>
							</conditions>
						</line>
						<line number="317" hits="0" branch="false"/>
						<line number="318" hits="0" branch="false"/>
						<line number="319" hits="0" branch="true" condition-coverage="0% (0/2)">
							<conditions>
								<condition number="0" type="jump" coverage="0%"/>
							</conditions>
						</line>
						<line number="321" hits="0" branch="false"/>
						<line number="323" hits="0" branch="true" condition-coverage="0% (0/2)">
							<conditions>
								<condition number="0" type="jump" coverage="0%"/>
							</conditions>
						</line>
						<line number="325" hits="0" branch="false"/>
						<line number="326" hits="0" branch="false"/>
						<line number="330" hits="0" branch="false"/>
						<line number="331" hits="0" branch="false"/>
						<line number="334" hits="0" branch="false"/>
						<line number="339" hits="0" branch="false"/>
						<line number="342" hits="0" branch="false"/>
						<line number="344" hits="0" branch="false"/>
						<line number="346" hits="0" branch="false"/>
						<line number="347" hits="0" branch="false"/>
						<line number="348" hits="0" branch="false"/>
					</lines>
				</class>
				<class name="com.novell.msworks.mobile.utility.MobileMDMFrameworkConstants" filename="com/novell/msworks/mobile/utility/MobileMDMFrameworkConstants.java" line-rate="0.0" branch-rate="1.0" complexity="0.0">
					<methods>
						<method name="&lt;init&gt;" signature="()V" line-rate="0.0" branch-rate="1.0" complexity="0">
							<lines>
								<line number="20" hits="0" branch="false"/>
							</lines>
						</method>
					</methods>
					<lines>
						<line number="20" hits="0" branch="false"/>
					</lines>
				</class>
				<class name="com.novell.msworks.mobile.utility.iOS_PROC_STATUS" filename="com/novell/msworks/mobile/utility/iOS_PROC_STATUS.java" line-rate="0.0" branch-rate="1.0" complexity="0.0">
					<methods>
						<method name="&lt;clinit&gt;" signature="()V" line-rate="0.0" branch-rate="1.0" complexity="0">
							<lines>
								<line number="3" hits="0" branch="false"/>
								<line number="6" hits="0" branch="false"/>
								<line number="7" hits="0" branch="false"/>
								<line number="8" hits="0" branch="false"/>
								<line number="9" hits="0" branch="false"/>
								<line number="10" hits="0" branch="false"/>
								<line number="11" hits="0" branch="false"/>
								<line number="12" hits="0" branch="false"/>
								<line number="13" hits="0" branch="false"/>
							</lines>
						</method>
						<method name="&lt;init&gt;" signature="(Ljava/lang/String;I)V" line-rate="1.0" branch-rate="1.0" complexity="0">
							<lines>
							</lines>
						</method>
						<method name="valueOf" signature="(Ljava/lang/String;)Lcom/novell/msworks/mobile/utility/iOS_PROC_STATUS;" line-rate="1.0" branch-rate="1.0" complexity="0">
							<lines>
							</lines>
						</method>
						<method name="values" signature="()[Lcom/novell/msworks/mobile/utility/iOS_PROC_STATUS;" line-rate="1.0" branch-rate="1.0" complexity="0">
							<lines>
							</lines>
						</method>
					</methods>
					<lines>
						<line number="3" hits="0" branch="false"/>
						<line number="6" hits="0" branch="false"/>
						<line number="7" hits="0" branch="false"/>
						<line number="8" hits="0" branch="false"/>
						<line number="9" hits="0" branch="false"/>
						<line number="10" hits="0" branch="false"/>
						<line number="11" hits="0" branch="false"/>
						<line number="12" hits="0" branch="false"/>
						<line number="13" hits="0" branch="false"/>
					</lines>
				</class>
			</classes>
		</package>
	</packages>
</coverage>
